<?xml version="1.0" encoding="UTF-8"?>
<!-- Generated by org.testng.reporters.JUnitXMLReporter -->
<testsuite ignored="0" hostname="WKSBAN36ARYTR07" failures="6" tests="7" name="ActionsTests" time="2.902" errors="0" timestamp="2026-02-18T15:43:38 IST">
  <testcase classname="demo.Selenium4ActionsDemoTest" name="demo_dragAndDrop" time="0.007">
    <failure type="java.lang.NullPointerException">
      <![CDATA[java.lang.NullPointerException
at demo.Selenium4ActionsDemoTest.demo_dragAndDrop(Selenium4ActionsDemoTest.java:78)
at java.base/java.util.ArrayList.forEach(ArrayList.java:1541)
... Removed 27 stack frames]]>
    </failure>
  </testcase> <!-- demo_dragAndDrop -->
  <testcase classname="demo.Selenium4ActionsDemoTest" name="demo_hoverAction" time="0.001">
    <failure type="java.lang.NullPointerException">
      <![CDATA[java.lang.NullPointerException
at demo.Selenium4ActionsDemoTest.demo_hoverAction(Selenium4ActionsDemoTest.java:34)
at java.base/java.util.ArrayList.forEach(ArrayList.java:1541)
... Removed 27 stack frames]]>
    </failure>
  </testcase> <!-- demo_hoverAction -->
  <testcase classname="demo.Selenium4ActionsDemoTest" name="demo_keyboard_shiftTyping" time="0.001">
    <failure type="java.lang.NullPointerException">
      <![CDATA[java.lang.NullPointerException
at demo.Selenium4ActionsDemoTest.demo_keyboard_shiftTyping(Selenium4ActionsDemoTest.java:62)
at java.base/java.util.ArrayList.forEach(ArrayList.java:1541)
... Removed 27 stack frames]]>
    </failure>
  </testcase> <!-- demo_keyboard_shiftTyping -->
  <testcase classname="demo.Selenium4ActionsDemoTest" name="demo_rightClickAction" time="0.001">
    <failure type="java.lang.NullPointerException">
      <![CDATA[java.lang.NullPointerException
at demo.Selenium4ActionsDemoTest.demo_rightClickAction(Selenium4ActionsDemoTest.java:49)
at java.base/java.util.ArrayList.forEach(ArrayList.java:1541)
... Removed 27 stack frames]]>
    </failure>
  </testcase> <!-- demo_rightClickAction -->
  <testcase classname="demo.Selenium4ActionsDemoTest" name="demo_scrollByAmount" time="0.001">
    <failure type="java.lang.NullPointerException">
      <![CDATA[java.lang.NullPointerException
at demo.Selenium4ActionsDemoTest.demo_scrollByAmount(Selenium4ActionsDemoTest.java:113)
at java.base/java.util.ArrayList.forEach(ArrayList.java:1541)
... Removed 27 stack frames]]>
    </failure>
  </testcase> <!-- demo_scrollByAmount -->
  <testcase classname="demo.Selenium4ActionsDemoTest" name="demo_sliderMove" time="0.001">
    <failure type="java.lang.NullPointerException">
      <![CDATA[java.lang.NullPointerException
at demo.Selenium4ActionsDemoTest.demo_sliderMove(Selenium4ActionsDemoTest.java:95)
at java.base/java.util.ArrayList.forEach(ArrayList.java:1541)
... Removed 27 stack frames]]>
    </failure>
  </testcase> <!-- demo_sliderMove -->
  <testcase classname="demo.Selenium4ActionsDemoTest" name="setup" time="2.809"/>
</testsuite> <!-- ActionsTests -->
